<?xml version="1.0" encoding="UTF-8"?>
<!-- Generated by org.testng.reporters.JUnitReportReporter -->
<testsuite hostname="Prem" failures="0" tests="5" name="graphQL.graphQLTest" time="3.516" errors="0" timestamp="2026-05-29T15:25:46 IST" skipped="0">
  <testcase classname="graphQL.graphQLTest" name="addProject_graphqlTest" time="2.083"/>
  <testcase classname="graphQL.graphQLTest" name="updateProject_graphqlTest" time="0.526"/>
  <testcase classname="graphQL.graphQLTest" name="getAllTest" time="0.413"/>
  <testcase classname="graphQL.graphQLTest" name="getProject_graphqlTest" time="0.145"/>
  <testcase classname="graphQL.graphQLTest" name="getParticualrTest" time="0.349"/>
</testsuite> <!-- graphQL.graphQLTest -->
