<?xml version="1.0" encoding="UTF-8"?>
<testng-results ignored="0" total="1" passed="1" failed="0" skipped="0">
  <reporter-output>
  </reporter-output>
  <suite started-at="2026-05-29T21:33:03 IST" name="Default suite" finished-at="2026-05-29T21:33:08 IST" duration-ms="4644">
    <groups>
    </groups>
    <test started-at="2026-05-29T21:33:03 IST" name="Default test" finished-at="2026-05-29T21:33:08 IST" duration-ms="4644">
      <class name="authtest.BasicAuthTest">
        <test-method signature="sampleTest()[pri:0, instance:authtest.BasicAuthTest@7fd50002]" started-at="2026-05-29T21:33:03 IST" name="sampleTest" finished-at="2026-05-29T21:33:08 IST" duration-ms="4572" status="PASS">
          <reporter-output>
          </reporter-output>
        </test-method> <!-- sampleTest -->
      </class> <!-- authtest.BasicAuthTest -->
    </test> <!-- Default test -->
  </suite> <!-- Default suite -->
</testng-results>
