<?xml version="1.0" encoding="UTF-8"?>
<testng-results ignored="0" total="1" passed="1" failed="0" skipped="0">
  <reporter-output>
  </reporter-output>
  <suite started-at="2026-05-18T17:32:43 IST" name="Default suite" finished-at="2026-05-18T17:32:47 IST" duration-ms="3977">
    <groups>
    </groups>
    <test started-at="2026-05-18T17:32:43 IST" name="Default test" finished-at="2026-05-18T17:32:47 IST" duration-ms="3977">
      <class name="wireMocking.WireMockingClass">
        <test-method signature="wireMockTest()[pri:0, instance:wireMocking.WireMockingClass@7fd50002]" started-at="2026-05-18T17:32:43 IST" name="wireMockTest" finished-at="2026-05-18T17:32:47 IST" duration-ms="3910" status="PASS">
          <reporter-output>
          </reporter-output>
        </test-method> <!-- wireMockTest -->
      </class> <!-- wireMocking.WireMockingClass -->
    </test> <!-- Default test -->
  </suite> <!-- Default suite -->
</testng-results>
